<?xml version="1.0" encoding="UTF-8"?>
<testng-results ignored="0" total="1" passed="1" failed="0" skipped="0">
  <reporter-output>
  </reporter-output>
  <suite started-at="2021-05-12T22:50:58 CDT" name="Default suite" finished-at="2021-05-12T22:51:04 CDT" duration-ms="5857">
    <groups>
    </groups>
    <test started-at="2021-05-12T22:50:58 CDT" name="Default test" finished-at="2021-05-12T22:51:04 CDT" duration-ms="5857">
      <class name="variousConcepts.LearnTestNG">
        <test-method is-config="true" signature="readConfig()[pri:0, instance:variousConcepts.LearnTestNG@f736069]" started-at="2021-05-12T22:50:58 CDT" name="readConfig" finished-at="2021-05-12T22:50:58 CDT" duration-ms="10" status="PASS">
          <reporter-output>
          </reporter-output>
        </test-method> <!-- readConfig -->
        <test-method is-config="true" signature="init()[pri:0, instance:variousConcepts.LearnTestNG@f736069]" started-at="2021-05-12T22:50:58 CDT" name="init" finished-at="2021-05-12T22:51:02 CDT" duration-ms="3514" status="PASS">
          <reporter-output>
          </reporter-output>
        </test-method> <!-- init -->
        <test-method signature="windowHandle()[pri:0, instance:variousConcepts.LearnTestNG@f736069]" started-at="2021-05-12T22:51:02 CDT" name="windowHandle" finished-at="2021-05-12T22:51:04 CDT" duration-ms="2286" status="PASS">
          <reporter-output>
          </reporter-output>
        </test-method> <!-- windowHandle -->
      </class> <!-- variousConcepts.LearnTestNG -->
    </test> <!-- Default test -->
  </suite> <!-- Default suite -->
</testng-results>
